[2025-08-18, 16:12:44] [INFO] Log module loaded
[2025-08-18, 16:12:44] [INFO] File system init succesfull
[2025-08-18, 16:12:44] [ASK] Asking user for menu operation
[2025-08-18, 16:12:45] [INFO] User is encrypting message
[2025-08-18, 16:12:45] [ASK] Asking user for encrypt mode
[2025-08-18, 16:12:46] [ASK] Asking user for regular string to encrypt
[2025-08-18, 16:12:47] [WARNING] User entered wrong data
[2025-08-18, 16:12:47] [ASK] Asking user for regular string to encrypt
[2025-08-18, 16:12:47] [WARNING] User entered wrong data
[2025-08-18, 16:12:47] [ASK] Asking user for regular string to encrypt
[2025-08-18, 16:12:47] [WARNING] User entered wrong data
[2025-08-18, 16:12:47] [ASK] Asking user for regular string to encrypt
[2025-08-18, 16:12:48] [WARNING] User entered wrong data
[2025-08-18, 16:12:48] [ASK] Asking user for regular string to encrypt
[2025-08-18, 16:12:48] [ASK] Asking user for key
[2025-08-18, 16:12:49] [KEY] Succesfully created unique key
[2025-08-18, 16:12:49] [INFO] Copied key to clipboard
[2025-08-18, 16:12:49] [INFO] Saved key to bin file (../saved/key_33/unique_key_33.bin)
[2025-08-18, 16:12:49] [INFO] Updated json config state
[2025-08-18, 16:12:49] [ASK] Ending key generation
[2025-08-18, 16:12:49] [KEY] Sucesfully encoded message with Caesar's chip
[2025-08-18, 16:12:49] [KEY] Displaying used key
[2025-08-18, 16:12:49] [INFO] Saved char encrypted message to bin file (../encrypted/encrypted_11/char_unique_key_11.bin)
[2025-08-18, 16:12:49] [INFO] Saved char encrypted message to txt file (../encrypted/encrypted_11/hex_unique_key_11.txt)
[2025-08-18, 16:12:49] [INFO] Updated json config state
[2025-08-18, 16:12:49] [ASK] Ending encrypting module
[2025-08-18, 16:12:49] [INFO] Ended LOG module succesfully!
