[2025-08-18, 18:24:05] [INFO] Log module loaded
[2025-08-18, 18:24:05] [INFO] File system init succesfull
[2025-08-18, 18:24:05] [ASK] Asking user for menu operation
[2025-08-18, 18:24:06] [INFO] User is decrypting message
[2025-08-18, 18:24:06] [ASK] Asking user for encrypt mode
[2025-08-18, 18:24:06] [ASK] Asking user for regular string to encrypt
[2025-08-18, 18:24:07] [ASK] Asking user for key
[2025-08-18, 18:24:09] [WARNING] Imported wrong data. Trying again
[2025-08-18, 18:24:09] [ASK] Asking user for key
[2025-08-18, 18:24:09] [WARNING] Imported wrong data. Trying again
[2025-08-18, 18:24:09] [ASK] Asking user for key
[2025-08-18, 18:24:10] [WARNING] Imported wrong data. Trying again
[2025-08-18, 18:24:10] [ASK] Asking user for key
[2025-08-18, 18:24:10] [WARNING] Imported wrong data. Trying again
[2025-08-18, 18:24:10] [ASK] Asking user for key
[2025-08-18, 18:24:10] [WARNING] Imported wrong data. Trying again
[2025-08-18, 18:24:10] [ASK] Asking user for key
[2025-08-18, 18:24:10] [WARNING] Imported wrong data. Trying again
[2025-08-18, 18:24:10] [ASK] Asking user for key
[2025-08-18, 18:24:10] [WARNING] Imported wrong data. Trying again
[2025-08-18, 18:24:10] [ASK] Asking user for key
[2025-08-18, 18:24:10] [WARNING] Imported wrong data. Trying again
[2025-08-18, 18:24:10] [ASK] Asking user for key
[2025-08-18, 18:24:10] [WARNING] Imported wrong data. Trying again
[2025-08-18, 18:24:10] [ASK] Asking user for key
[2025-08-18, 18:24:10] [WARNING] Imported wrong data. Trying again
[2025-08-18, 18:24:10] [ASK] Asking user for key
[2025-08-18, 18:24:11] [WARNING] Imported wrong data. Trying again
[2025-08-18, 18:24:11] [ASK] Asking user for key
[2025-08-18, 18:24:11] [WARNING] Imported wrong data. Trying again
[2025-08-18, 18:24:11] [ASK] Asking user for key
[2025-08-18, 18:24:11] [WARNING] Imported wrong data. Trying again
[2025-08-18, 18:24:11] [ASK] Asking user for key
[2025-08-18, 18:24:12] [WARNING] Imported wrong data. Trying again
[2025-08-18, 18:24:12] [ASK] Asking user for key
[2025-08-18, 18:24:12] [WARNING] Imported wrong data. Trying again
[2025-08-18, 18:24:12] [ASK] Asking user for key
[2025-08-18, 18:24:12] [WARNING] Imported wrong data. Trying again
[2025-08-18, 18:24:12] [ASK] Asking user for key
[2025-08-18, 18:24:12] [WARNING] Imported wrong data. Trying again
[2025-08-18, 18:24:12] [ASK] Asking user for key
[2025-08-18, 18:24:12] [WARNING] Imported wrong data. Trying again
[2025-08-18, 18:24:12] [ASK] Asking user for key
[2025-08-18, 18:24:12] [WARNING] Imported wrong data. Trying again
[2025-08-18, 18:24:12] [ASK] Asking user for key
[2025-08-18, 18:24:12] [WARNING] Imported wrong data. Trying again
[2025-08-18, 18:24:12] [ASK] Asking user for key
[2025-08-18, 18:24:13] [WARNING] Imported wrong data. Trying again
[2025-08-18, 18:24:13] [ASK] Asking user for key
[2025-08-18, 18:24:13] [WARNING] Imported wrong data. Trying again
[2025-08-18, 18:24:13] [ASK] Asking user for key
[2025-08-18, 18:24:13] [WARNING] Imported wrong data. Trying again
[2025-08-18, 18:24:13] [ASK] Asking user for key
[2025-08-18, 18:24:13] [WARNING] Imported wrong data. Trying again
[2025-08-18, 18:24:13] [ASK] Asking user for key
[2025-08-18, 18:24:13] [WARNING] Imported wrong data. Trying again
[2025-08-18, 18:24:13] [ASK] Asking user for key
[2025-08-18, 18:24:13] [KEY] Succesfully imported key
[2025-08-18, 18:24:13] [ASK] Ending key generation
[2025-08-18, 18:24:16] [KEY] Sucesfully encoded message with XOR
[2025-08-18, 18:24:16] [INFO] Saved decrypted message to txt file (../decrypted/decrypted_2/hex_unique_key_2.txt)
[2025-08-18, 18:24:16] [INFO] Updated json config state
[2025-08-18, 18:24:16] [ASK] Ending encrypting module
[2025-08-18, 18:24:50] [INFO] Ended LOG module succesfully!
