[2025-08-18, 22:12:45] [INFO] Log module loaded
[2025-08-18, 22:12:45] [INFO] File system init succesfull
[2025-08-18, 22:12:45] [ASK] Asking user for menu operation
[2025-08-18, 22:12:46] [INFO] User is encrypting message
[2025-08-18, 22:12:46] [ASK] Asking user for encrypt mode
[2025-08-18, 22:12:46] [ASK] Asking user for regular string to encrypt
[2025-08-18, 22:12:50] [ASK] Asking user for key
[2025-08-18, 22:12:51] [KEY] Succesfully created unique key
[2025-08-18, 22:12:51] [INFO] Copied key to clipboard
[2025-08-18, 22:12:51] [INFO] Saved key to bin file (../saved/key_57/unique_key_57.bin)
[2025-08-18, 22:12:51] [INFO] Updated json config state
[2025-08-18, 22:12:51] [ASK] Ending key generation module
[2025-08-18, 22:12:51] [ASK] Ending key generation
[2025-08-18, 22:12:54] [KEY] Sucesfully encoded message with Caesar's chip
[2025-08-18, 22:12:54] [KEY] Displaying used key
[2025-08-18, 22:12:54] [INFO] Saved char encrypted message to bin file (../encrypted/encrypted_35/char_unique_key_35.bin)
[2025-08-18, 22:12:54] [INFO] Saved char encrypted message to txt file (../encrypted/encrypted_35/hex_unique_key_35.txt)
[2025-08-18, 22:12:54] [INFO] Updated json config state
[2025-08-18, 22:12:54] [ASK] Ending encrypting module
[2025-08-18, 22:13:00] [INFO] Ended LOG module succesfully!
